build/app/outputs/mapping/release/seeds.txt
com.example.flutter_application_1.MainActivity
com.example.flutter_application_1.MainActivity: MainActivity()
...
org.chromium.support_lib_boundary.DropDataContentProviderBoundaryInterface
androidx.window.java.layout.WindowInfoTrackerCallbackAdapter
androidx.core.widget.NestedScrollView
com.google.android.gms.ads.mediation.MediationBannerAdapter
kotlinx.coroutines.android.AndroidDispatcherFactory
com.google.android.gms.ads.OutOfContextTestingActivity
androidx.window.layout.SidecarCompat$DistinctSidecarElementCallback
androidx.appcompat.widget.AlertDialogLayout
androidx.window.embedding.EmbeddingCompat
androidx.window.embedding.EmbeddingRule
androidx.window.embedding.EmbeddingInterfaceCompat$EmbeddingCallbackInterface
org.chromium.support_lib_boundary.JsReplyProxyBoundaryInterface
com.google.android.gms.ads.internal.overlay.AdOverlayInfoParcel
com.google.android.gms.ads.MobileAds
org.chromium.support_lib_boundary.WebViewClientBoundaryInterface
androidx.appcompat.widget.AppCompatButton
com.google.android.gms.ads.nativead.MediaView
kotlinx.coroutines.internal.StackTraceRecoveryKt
androidx.core.graphics.drawable.IconCompat
io.flutter.plugin.editing.ImeSyncDeferringInsetsCallback$AnimationCallback
androidx.lifecycle.SingleGeneratedAdapterObserver
androidx.window.layout.ExtensionWindowLayoutInfoBackend$MulticastConsumer
androidx.lifecycle.LiveData$LifecycleBoundObserver
androidx.window.layout.ExtensionsWindowLayoutInfoAdapter
androidx.window.layout.EmptyDecorator
androidx.activity.ImmLeaksCleaner
androidx.window.layout.FoldingFeature$Orientation
androidx.window.layout.SidecarCompat$Companion
com.google.android.gms.ads.MobileAdsInitProvider
com.google.ads.mediation.admob.AdMobAdapter
androidx.window.R
androidx.window.embedding.SplitPairFilter
androidx.window.layout.WindowMetricsCalculator$Companion
com.google.android.gms.common.GooglePlayServicesMissingManifestValueException
com.google.android.gms.ads.internal.offline.buffering.OfflineNotificationPoster
androidx.lifecycle.CompositeGeneratedAdaptersObserver
androidx.versionedparcelable.CustomVersionedParcelable
androidx.window.layout.HardwareFoldingFeature$Type
androidx.window.layout.ExtensionInterfaceCompat$ExtensionCallbackInterface
org.chromium.support_lib_boundary.WebSettingsBoundaryInterface
io.flutter.embedding.engine.renderer.SurfaceTextureWrapper
org.chromium.support_lib_boundary.WebViewProviderFactoryBoundaryInterface
androidx.work.impl.workers.ConstraintTrackingWorker
androidx.window.layout.HardwareFoldingFeature
org.chromium.support_lib_boundary.WebViewRendererClientBoundaryInterface
org.chromium.support_lib_boundary.ServiceWorkerClientBoundaryInterface
androidx.window.embedding.SplitRule$Api30Impl
androidx.appcompat.widget.FitWindowsLinearLayout
org.chromium.support_lib_boundary.WebMessageListenerBoundaryInterface
io.flutter.plugins.GeneratedPluginRegistrant
androidx.work.impl.workers.CombineContinuationsWorker
androidx.core.app.RemoteActionCompat
com.google.android.gms.dynamite.DynamiteModule$DynamiteLoaderClassLoader
androidx.window.layout.FoldingFeature
androidx.window.embedding.ActivityRule
androidx.work.impl.utils.ForceStopRunnable$BroadcastReceiver
androidx.work.impl.workers.DiagnosticsWorker
com.google.android.gms.ads.mediation.MediationInterstitialAdapter
androidx.appcompat.widget.FitWindowsFrameLayout
io.flutter.app.FlutterMultiDexApplication
org.chromium.support_lib_boundary.SafeBrowsingResponseBoundaryInterface
androidx.work.impl.background.systemalarm.ConstraintProxyUpdateReceiver
io.flutter.embedding.engine.FlutterJNI
androidx.window.layout.SidecarCompat$TranslatingCallback
androidx.appcompat.view.menu.ActionMenuItemView
com.google.android.gms.common.api.internal.BasePendingResult
org.chromium.support_lib_boundary.ProcessGlobalConfigConstants
androidx.window.layout.WindowInfoTrackerImpl$windowLayoutInfo$1
com.google.android.gms.ads.internal.ClientApi
androidx.window.embedding.SplitRule
androidx.window.core.Bounds
androidx.activity.ComponentActivity$3
androidx.appcompat.widget.ActionBarContainer
org.chromium.support_lib_boundary.WebMessagePortBoundaryInterface