build/app/outputs/mapping/release/mapping.txt
# compiler: R8
# compiler_version: 3.3.70
# min_api: 19
# common_typos_disable
# {"id":"com.android.tools.r8.mapping","version":"2.0"}
# pg_map_id: bf8bd3a
# pg_map_hash: SHA-256 bf8bd3a6243840d1ac93253a2f2b78145d5333fb0ad3a20f88abf76e2929ecc6
...
com.google.android.gms.internal.ads.zzbw -> com.google.android.gms.internal.ads.tb0:
    java.lang.String zze -> i
    com.google.android.gms.internal.ads.zzn zza -> m
    java.lang.String zzd -> h
    java.lang.String zzg -> k
    java.lang.String zzf -> j
    long zzc -> g
    java.lang.String zzh -> l
    int zzb -> f
com.google.android.gms.internal.ads.zzbwa -> com.google.android.gms.internal.ads.ub0:
    void zza(java.lang.String) -> a
    boolean zzb() -> b
com.google.android.gms.internal.ads.zzbwb -> com.google.android.gms.internal.ads.vb0:
    com.google.android.gms.internal.ads.zzbvy zza() -> a
    void zzd(java.lang.String,java.util.Map,int) -> b
    void zzh(java.lang.String) -> b0
    void zze() -> c
    void zzg(android.view.View) -> d
    boolean zzi() -> h
com.google.android.gms.internal.ads.zzbwc -> com.google.android.gms.internal.ads.wb0:
    boolean zza(java.lang.Object,java.lang.Object) -> a
com.google.android.gms.internal.ads.zzbwd -> com.google.android.gms.internal.ads.xb0:
    android.content.Context zza -> a
    android.content.SharedPreferences zzb -> b
    int zzf -> f
    com.google.android.gms.ads.internal.util.zzg zzc -> c
    com.google.android.gms.internal.ads.zzbxf zzd -> d
    java.lang.String zze -> e
    void zza() -> a
    void zzb(java.lang.String,int) -> b
com.google.android.gms.internal.ads.zzbwe -> com.google.android.gms.internal.ads.yb0:
    com.google.android.gms.internal.ads.zzgxl zza -> a
    com.google.android.gms.internal.ads.zzgxl zzb -> b
    com.google.android.gms.internal.ads.zzgxl zzc -> c
    java.lang.Object zzb() -> b
com.google.android.gms.internal.ads.zzbwf -> com.google.android.gms.internal.ads.zb0:
    com.google.android.gms.common.util.Clock zza -> a
    com.google.android.gms.ads.internal.util.zzg zzb -> b
    com.google.android.gms.internal.ads.zzbxf zzc -> c
    void zza() -> a
    void zzb(int,long) -> b
com.google.android.gms.internal.ads.zzbwg -> com.google.android.gms.internal.ads.ac0:
    com.google.android.gms.internal.ads.zzgxl zza -> a
    com.google.android.gms.internal.ads.zzgxl zzb -> b
    com.google.android.gms.internal.ads.zzgxl zzc -> c
    java.lang.Object zzb() -> b
com.google.android.gms.internal.ads.zzbwh -> com.google.android.gms.internal.ads.bc0:
    com.google.android.gms.common.util.Clock zza -> a
    com.google.android.gms.internal.ads.zzbwf zzb -> b
    com.google.android.gms.internal.ads.zzbwh zza(android.content.Context) -> a
    void zzb(int,long) -> b
    void zzc() -> c
    void zzd(com.google.android.gms.ads.internal.client.zzff) -> d
    void zze() -> e
com.google.android.gms.internal.ads.zzbwi -> com.google.android.gms.internal.ads.cc0:
    com.google.android.gms.internal.ads.zzgxl zza -> a
    com.google.android.gms.internal.ads.zzgxl zzb -> b
    com.google.android.gms.internal.ads.zzbwh zza() -> a
    java.lang.Object zzb() -> b
com.google.android.gms.internal.ads.zzbwj -> com.google.android.gms.internal.ads.dc0:
com.google.android.gms.internal.ads.zzbwk -> com.google.android.gms.internal.ads.ec0:
    android.content.Context zza -> a
    com.google.android.gms.common.util.Clock zzb -> b
    com.google.android.gms.ads.internal.util.zzg zzc -> c
    com.google.android.gms.internal.ads.zzbxf zzd -> d
    com.google.android.gms.internal.ads.zzbwk zza(com.google.android.gms.ads.internal.util.zzg) -> a
    com.google.android.gms.internal.ads.zzbwk zzb(android.content.Context) -> b
    com.google.android.gms.internal.ads.zzbwk zzc(com.google.android.gms.common.util.Clock) -> c
    com.google.android.gms.internal.ads.zzbwk zzd(com.google.android.gms.internal.ads.zzbxf) -> d
    com.google.android.gms.internal.ads.zzbxg zze() -> e
com.google.android.gms.internal.ads.zzbwl -> com.google.android.gms.internal.ads.fc0: